2022-06-08T14:50:48.908+0800	INFO	controller/sshtunnel.go:81	root申请关联node2-grafana
2022-06-08T14:50:49.407+0800	INFO	global/sshtunnel1.go:48	启动连接中转机成功
2022-06-08T14:50:50.233+0800	INFO	controller/workflow.go:58	node2:3000 可用
2022-06-08T14:50:50.233+0800	INFO	controller/workflow.go:61	node2-grafana: 第一次开启端口
2022-06-08T14:50:51.567+0800	INFO	controller/workflow.go:68	本地监听 55077 成功
2022-06-08T14:50:51.567+0800	INFO	controller/workflow.go:70	map[55077:0xc0006885c0]
2022-06-08T14:53:53.537+0800	INFO	controller/sshtunnel.go:81	zhuce1申请关联node2-grafana
2022-06-08T14:54:02.195+0800	INFO	controller/workflow.go:58	node2:3000 可用
2022-06-08T14:54:02.300+0800	INFO	controller/workflow.go:105	zhuce1 关联 55077 成功
2022-06-08T15:05:06.997+0800	INFO	global/sshtunnel1.go:48	启动连接中转机成功
2022-06-08T15:06:52.895+0800	INFO	global/sshtunnel1.go:48	启动连接中转机成功
2022-06-08T15:36:19.141+0800	INFO	global/sshtunnel1.go:48	启动连接中转机成功
2022-06-08T15:39:18.680+0800	INFO	controller/sshtunnel.go:81	root申请关联node3-nginx
2022-06-08T15:39:18.737+0800	INFO	controller/workflow.go:58	node3:80 可用
2022-06-08T15:39:18.737+0800	INFO	controller/workflow.go:61	node3-nginx: 第一次开启端口
2022-06-08T15:39:20.070+0800	INFO	controller/workflow.go:68	本地监听 32883 成功
2022-06-08T15:39:20.070+0800	INFO	controller/workflow.go:70	map[32883:0xc000584850 55077:0xc00042e920]
2022-06-08T15:56:46.926+0800	INFO	global/sshtunnel1.go:48	启动连接中转机成功
2022-06-08T16:13:20.134+0800	INFO	global/sshtunnel1.go:48	启动连接中转机成功
2022-06-08T16:16:31.614+0800	INFO	global/sshtunnel1.go:48	启动连接中转机成功
2022-06-08T16:18:52.639+0800	INFO	global/sshtunnel1.go:48	启动连接中转机成功
2022-06-08T16:49:26.976+0800	INFO	global/sshtunnel1.go:48	启动连接中转机成功
2022-06-08T17:36:34.499+0800	INFO	global/sshtunnel1.go:48	启动连接中转机成功
2022-06-08T17:49:41.059+0800	INFO	global/sshtunnel1.go:48	启动连接中转机成功
2022-06-08T17:50:22.280+0800	INFO	global/sshtunnel1.go:48	启动连接中转机成功
2022-06-08T17:51:42.139+0800	INFO	global/sshtunnel1.go:48	启动连接中转机成功
2022-06-08T17:51:59.775+0800	INFO	global/sshtunnel1.go:48	启动连接中转机成功
2022-06-08T18:00:33.302+0800	INFO	global/sshtunnel1.go:48	启动连接中转机成功
2022-06-08T18:02:12.499+0800	INFO	global/sshtunnel1.go:48	启动连接中转机成功
2022-06-08T18:03:11.905+0800	INFO	global/sshtunnel1.go:48	启动连接中转机成功
2022-06-08T18:03:34.330+0800	INFO	global/sshtunnel1.go:48	启动连接中转机成功
2022-06-08T18:17:11.618+0800	INFO	global/sshtunnel1.go:48	启动连接中转机成功
2022-06-08T18:20:25.092+0800	INFO	global/sshtunnel1.go:48	启动连接中转机成功
2022-06-08T18:31:31.008+0800	INFO	global/sshtunnel1.go:48	启动连接中转机成功
2022-06-08T18:33:20.114+0800	INFO	global/sshtunnel1.go:48	启动连接中转机成功
2022-06-08T18:33:46.641+0800	INFO	global/sshtunnel1.go:48	启动连接中转机成功
2022-06-08T18:42:16.969+0800	INFO	global/sshtunnel1.go:48	启动连接中转机成功
2022-06-08T18:42:45.892+0800	INFO	global/sshtunnel1.go:48	启动连接中转机成功
2022-06-08T18:46:28.922+0800	INFO	global/sshtunnel1.go:48	启动连接中转机成功
2022-06-08T18:58:16.128+0800	INFO	global/sshtunnel1.go:48	启动连接中转机成功
