2022-06-08T14:51:13.600+0800	ERROR	global/sshtunnel.go:117	[查找关联用户失败: record not found
2022-06-08T14:51:13.603+0800	ERROR	global/sshtunnel.go:117	[查找关联用户失败: record not found
2022-06-08T14:51:17.710+0800	ERROR	global/sshtunnel.go:117	[查找关联用户失败: record not found
2022-06-08T18:46:28.588+0800	ERROR	global/sshtunnel.go:45	ssh 第1次拨号 中转机失败
ssh: handshake failed: EOF
2022-06-08T18:46:55.535+0800	ERROR	controller/sshtunnel.go:160	admin权限账户删除端口，清理conn和user的关联关系失败：primary key required
2022-06-08T18:58:26.568+0800	ERROR	controller/sshtunnel.go:160	admin权限账户删除端口，清理conn和user的关联关系失败：primary key required
2022-06-08T20:22:34.391+0800	ERROR	controller/sshtunnel.go:160	admin权限账户删除端口，清理conn和user的关联关系失败：primary key required
2022-06-08T20:34:02.053+0800	ERROR	controller/sshtunnel.go:160	admin权限账户删除端口，清理conn和user的关联关系失败：primary key required
2022-06-08T20:51:37.507+0800	ERROR	controller/sshtunnel.go:160	admin权限账户删除端口，清理conn和user的关联关系失败：primary key required
2022-06-08T20:59:44.252+0800	ERROR	controller/sshtunnel.go:155	record not found
2022-06-08T21:01:11.804+0800	ERROR	controller/sshtunnel.go:157	record not found
2022-06-08T21:03:55.062+0800	ERROR	controller/sshtunnel.go:157	record not found
2022-06-08T21:05:46.021+0800	ERROR	controller/sshtunnel.go:158	record not found
2022-06-08T21:07:31.202+0800	ERROR	controller/sshtunnel.go:159	record not found
2022-06-08T21:30:56.085+0800	ERROR	router/router.go:98	panic: runtime error: invalid memory address or nil pointer dereference
2022-06-08T21:30:56.085+0800	ERROR	router/router.go:100	stack: goroutine 68 [running]:
runtime/debug.Stack()
	D:/Program Files (x86)/go/src/runtime/debug/stack.go:24 +0x65
sshtunnelweb/router.Recover.func1()
	G:/gowork/sshtunnelweb/router/router.go:100 +0x9d
panic({0x1487f80, 0x13f07d0})
	D:/Program Files (x86)/go/src/runtime/panic.go:1038 +0x215
sshtunnelweb/controller.DelSshtunnel(0xc000196300)
	G:/gowork/sshtunnelweb/controller/sshtunnel.go:172 +0x4e2
github.com/gin-gonic/gin.(*Context).Next(...)
	E:/gowork/pkg/mod/github.com/gin-gonic/gin@v1.8.0/context.go:173
sshtunnelweb/middleware.JWTAuth.func1(0xc000196300)
	G:/gowork/sshtunnelweb/middleware/jwt.go:57 +0x3d8
github.com/gin-gonic/gin.(*Context).Next(...)
	E:/gowork/pkg/mod/github.com/gin-gonic/gin@v1.8.0/context.go:173
sshtunnelweb/middleware.Cors.func1(0xc000196300)
	G:/gowork/sshtunnelweb/middleware/cores-allow-options.go:25 +0x13f
github.com/gin-gonic/gin.(*Context).Next(...)
	E:/gowork/pkg/mod/github.com/gin-gonic/gin@v1.8.0/context.go:173
sshtunnelweb/router.Recover(0xc000196300)
	G:/gowork/sshtunnelweb/router/router.go:108 +0x6b
github.com/gin-gonic/gin.(*Context).Next(...)
	E:/gowork/pkg/mod/github.com/gin-gonic/gin@v1.8.0/context.go:173
sshtunnelweb/middleware.AccessLog.func1(0xc000196300)
	G:/gowork/sshtunnelweb/middleware/accesslog.go:29 +0x1cc
github.com/gin-gonic/gin.(*Context).Next(...)
	E:/gowork/pkg/mod/github.com/gin-gonic/gin@v1.8.0/context.go:173
github.com/gin-gonic/gin.(*Engine).handleHTTPRequest(0xc000684ea0, 0xc000196300)
	E:/gowork/pkg/mod/github.com/gin-gonic/gin@v1.8.0/gin.go:613 +0x671
github.com/gin-gonic/gin.(*Engine).ServeHTTP(0xc000684ea0, {0x19b5fd8, 0xc0001987e0}, 0xc000038900)
	E:/gowork/pkg/mod/github.com/gin-gonic/gin@v1.8.0/gin.go:569 +0x1dd
net/http.serverHandler.ServeHTTP({0x19b4840}, {0x19b5fd8, 0xc0001987e0}, 0xc000038900)
	D:/Program Files (x86)/go/src/net/http/server.go:2879 +0x43b
net/http.(*conn).serve(0xc0001ea640, {0x19bb180, 0xc00064a7b0})
	D:/Program Files (x86)/go/src/net/http/server.go:1930 +0xb08
created by net/http.(*Server).Serve
	D:/Program Files (x86)/go/src/net/http/server.go:3034 +0x4e8

2022-06-08T21:41:13.087+0800	ERROR	router/router.go:98	panic: runtime error: invalid memory address or nil pointer dereference
2022-06-08T21:41:13.087+0800	ERROR	router/router.go:100	stack: goroutine 98 [running]:
runtime/debug.Stack()
	D:/Program Files (x86)/go/src/runtime/debug/stack.go:24 +0x65
sshtunnelweb/router.Recover.func1()
	G:/gowork/sshtunnelweb/router/router.go:100 +0x9d
panic({0x1487f80, 0x13f07d0})
	D:/Program Files (x86)/go/src/runtime/panic.go:1038 +0x215
sshtunnelweb/controller.DelSshtunnel(0xc0000c6100)
	G:/gowork/sshtunnelweb/controller/sshtunnel.go:172 +0x4e2
github.com/gin-gonic/gin.(*Context).Next(...)
	E:/gowork/pkg/mod/github.com/gin-gonic/gin@v1.8.0/context.go:173
sshtunnelweb/middleware.JWTAuth.func1(0xc0000c6100)
	G:/gowork/sshtunnelweb/middleware/jwt.go:57 +0x3d8
github.com/gin-gonic/gin.(*Context).Next(...)
	E:/gowork/pkg/mod/github.com/gin-gonic/gin@v1.8.0/context.go:173
sshtunnelweb/middleware.Cors.func1(0xc0000c6100)
	G:/gowork/sshtunnelweb/middleware/cores-allow-options.go:25 +0x13f
github.com/gin-gonic/gin.(*Context).Next(...)
	E:/gowork/pkg/mod/github.com/gin-gonic/gin@v1.8.0/context.go:173
sshtunnelweb/router.Recover(0xc0000c6100)
	G:/gowork/sshtunnelweb/router/router.go:108 +0x6b
github.com/gin-gonic/gin.(*Context).Next(...)
	E:/gowork/pkg/mod/github.com/gin-gonic/gin@v1.8.0/context.go:173
sshtunnelweb/middleware.AccessLog.func1(0xc0000c6100)
	G:/gowork/sshtunnelweb/middleware/accesslog.go:29 +0x1cc
github.com/gin-gonic/gin.(*Context).Next(...)
	E:/gowork/pkg/mod/github.com/gin-gonic/gin@v1.8.0/context.go:173
github.com/gin-gonic/gin.(*Engine).handleHTTPRequest(0xc000684ea0, 0xc0000c6100)
	E:/gowork/pkg/mod/github.com/gin-gonic/gin@v1.8.0/gin.go:613 +0x671
github.com/gin-gonic/gin.(*Engine).ServeHTTP(0xc000684ea0, {0x19b5fd8, 0xc0000ca1c0}, 0xc0000c6200)
	E:/gowork/pkg/mod/github.com/gin-gonic/gin@v1.8.0/gin.go:569 +0x1dd
net/http.serverHandler.ServeHTTP({0x19b4840}, {0x19b5fd8, 0xc0000ca1c0}, 0xc0000c6200)
	D:/Program Files (x86)/go/src/net/http/server.go:2879 +0x43b
net/http.(*conn).serve(0xc0001ea000, {0x19bb180, 0xc00064a7b0})
	D:/Program Files (x86)/go/src/net/http/server.go:1930 +0xb08
created by net/http.(*Server).Serve
	D:/Program Files (x86)/go/src/net/http/server.go:3034 +0x4e8

2022-06-08T21:41:42.592+0800	ERROR	global/sshtunnel.go:94	本地accept失败 :accept tcp [::]:55077: use of closed network connection
2022-06-08T21:47:38.596+0800	ERROR	global/sshtunnel.go:94	本地accept失败 :accept tcp [::]:39650: use of closed network connection
2022-06-08T21:51:53.654+0800	ERROR	global/sshtunnel.go:94	本地accept失败 :accept tcp [::]:32883: use of closed network connection
2022-06-14T14:53:33.900+0800	ERROR	global/sshtunnel.go:45	ssh 第1次拨号 中转机失败
ssh: handshake failed: ssh: unable to authenticate, attempted methods [none password], no supported methods remain
2022-06-14T14:53:36.382+0800	ERROR	global/sshtunnel.go:45	ssh 第2次拨号 中转机失败
ssh: handshake failed: ssh: unable to authenticate, attempted methods [none password], no supported methods remain
2022-06-14T14:53:38.591+0800	ERROR	global/sshtunnel.go:45	ssh 第3次拨号 中转机失败
ssh: handshake failed: ssh: unable to authenticate, attempted methods [none password], no supported methods remain
2022-06-14T14:53:41.406+0800	ERROR	global/sshtunnel.go:45	ssh 第4次拨号 中转机失败
ssh: handshake failed: ssh: unable to authenticate, attempted methods [none password], no supported methods remain
2022-06-14T14:53:43.319+0800	ERROR	global/sshtunnel.go:45	ssh 第5次拨号 中转机失败
ssh: handshake failed: ssh: unable to authenticate, attempted methods [none password], no supported methods remain
2022-06-14T14:53:43.319+0800	ERROR	global/sqlite.go:69	启动ing：连接远程机出错
2022-06-15T15:47:55.468+0800	ERROR	controller/workflow.go:142	addsshtunnel: 获取参数失败
2022-06-15T15:48:49.338+0800	ERROR	controller/workflow.go:142	addsshtunnel: 获取参数失败
2022-06-15T17:11:43.256+0800	ERROR	controller/user-login-register.go:74	record not found
2022-06-15T17:12:19.742+0800	ERROR	controller/sshtunnel-remote.go:61	不是admin用户
